<?xml version="1.0" encoding="UTF-8"?>
<testsuite xmlns:xsi="http://www.w3.org/2001/XMLSchema-instance" xsi:noNamespaceSchemaLocation="https://maven.apache.org/surefire/maven-surefire-plugin/xsd/surefire-test-report-3.0.xsd" version="3.0" name="TestRunner.TestRun" time="269.294" tests="3" errors="0" skipped="0" failures="0">
  <properties>
[...]
</properties>
  <testcase name="OutStation Cab booking" classname="MakeMyTrip" time="56.669">
    <system-out><![CDATA[
@Sanity
Scenario: OutStation Cab booking                    &amp#27;[90m# Features/MakeMytrip.feature:4&amp#27;[0m
Pop Up Displayed and closed successfully.
15:11:03.916 [main] INFO  BaseClass - The user launched the webpage.....
  &amp#27;[32mGiven &amp#27;[0m&amp#27;[32mThe User is on the MakeMyTrip homepage&amp#27;[0m      &amp#27;[90m# StepDefination.BaseClass.the_user_is_on_the_make_my_trip_homepage()&amp#27;[0m
15:11:05.810 [main] INFO  BaseClass - User clicks on cab....
  &amp#27;[32mWhen &amp#27;[0m&amp#27;[32mUser clicks on cab&amp#27;[0m                           &amp#27;[90m# StepDefination.BaseClass.user_clicks_on_cab()&amp#27;[0m
15:11:11.722 [main] INFO  BaseClass - User enters from and to locations....
  &amp#27;[32mAnd &amp#27;[0m&amp#27;[32mUser enters from and to locations&amp#27;[0m             &amp#27;[90m# StepDefination.BaseClass.user_enters_from_and_to_locations()&amp#27;[0m
15:11:21.794 [main] INFO  BaseClass - User enters date and time and click on search....
  &amp#27;[32mAnd &amp#27;[0m&amp#27;[32mUser enters date and time and click on search&amp#27;[0m &amp#27;[90m# StepDefination.BaseClass.user_enters_date_and_time_and_click_on_search()&amp#27;[0m
15:11:22.938 [main] INFO  BaseClass - User selects car type as SUV....
  &amp#27;[32mAnd &amp#27;[0m&amp#27;[32mUser selects car type as SUV&amp#27;[0m                  &amp#27;[90m# StepDefination.BaseClass.user_selects_car_type_as_suv()&amp#27;[0m
The Lowest Price of vehicle is : ₹ 8,860
15:11:23.545 [main] INFO  BaseClass - User prints the lowest car price....
  &amp#27;[32mThen &amp#27;[0m&amp#27;[32mUser prints the lowest car price&amp#27;[0m             &amp#27;[90m# StepDefination.BaseClass.user_prints_the_lowest_car_price()&amp#27;[0m
]]></system-out>
  </testcase>
  <testcase name="Gift card select" classname="MakeMyTrip" time="12.707">
    <system-out><![CDATA[
Scenario: Gift card select                                    &amp#27;[90m# Features/MakeMytrip.feature:12&amp#27;[0m
15:11:29.004 [main] INFO  BaseClass - User clicks on more tab and selects Giftcard option....
  &amp#27;[32mWhen &amp#27;[0m&amp#27;[32mUser clicks on more tab and selects Giftcard option&amp#27;[0m    &amp#27;[90m# StepDefination.BaseClass.user_clicks_on_more_tab_and_selects_giftcard_option()&amp#27;[0m
15:11:32.626 [main] INFO  BaseClass - User selects wedding gift card and selects Email option....
  &amp#27;[32mAnd &amp#27;[0m&amp#27;[32mUser selects wedding gift card and selects Email option&amp#27;[0m &amp#27;[90m# StepDefination.BaseClass.user_selects_wedding_gift_card_and_selects_email_option()&amp#27;[0m
15:11:34.929 [main] INFO  BaseClass - Scrolll to that field and enter invalid email....
  &amp#27;[32mAnd &amp#27;[0m&amp#27;[32mScrolll to that field and enter invalid email&amp#27;[0m           &amp#27;[90m# StepDefination.BaseClass.scrolll_to_that_field_and_enter_invalid_email()&amp#27;[0m
15:11:35.986 [main] INFO  BaseClass - click on buy now and capture the error message....
  &amp#27;[32mAnd &amp#27;[0m&amp#27;[32mclick on buy now and capture the error message&amp#27;[0m          &amp#27;[90m# StepDefination.BaseClass.click_on_buy_now_and_capture_the_error_message()&amp#27;[0m
The Error message is : Please enter a valid Email id.
15:11:36.332 [main] INFO  BaseClass - User prints the error message....
  &amp#27;[32mThen &amp#27;[0m&amp#27;[32mUser prints the error message&amp#27;[0m                          &amp#27;[90m# StepDefination.BaseClass.user_prints_the_error_message()&amp#27;[0m
]]></system-out>
  </testcase>
  <testcase name="Hotel scenario" classname="MakeMyTrip" time="16.564">
    <system-out><![CDATA[
Scenario: Hotel scenario                             &amp#27;[90m# Features/MakeMytrip.feature:19&amp#27;[0m
15:11:37.609 [main] INFO  BaseClass - User clicks on Hotels tab....
  &amp#27;[32mWhen &amp#27;[0m&amp#27;[32mUser clicks on Hotels tab&amp#27;[0m                     &amp#27;[90m# StepDefination.BaseClass.user_clicks_on_hotels_tab()&amp#27;[0m
15:11:40.737 [main] INFO  BaseClass - User clicks on guest button and then on adults....
  &amp#27;[32mAnd &amp#27;[0m&amp#27;[32mUser clicks on guest button and then on adults&amp#27;[0m &amp#27;[90m# StepDefination.BaseClass.user_clicks_on_guest_button_and_then_on_adults()&amp#27;[0m
01
02
03
04
05
06
07
08
09
10
11
12
13
14
15
16
17
18
19
20
21
22
23
24
25
26
27
28
29
30
31
32
33
34
35
36
37
38
39
40
===========================₹ 8,860
===========================Please enter a valid Email id.
15:11:52.045 [main] DEBUG org.apache.poi.openxml4j.opc.ZipPackage - Save core properties part
15:11:52.049 [main] DEBUG org.apache.poi.openxml4j.opc.ZipPackage - Save content types part
15:11:52.394 [main] DEBUG org.apache.poi.openxml4j.opc.ZipPackage - Save package relationships
15:11:52.423 [main] DEBUG org.apache.poi.openxml4j.opc.ZipPackage - Save part 'docProps/app.xml'
15:11:52.443 [main] DEBUG org.apache.poi.openxml4j.opc.ZipPackage - Save part 'docProps/core.xml'
15:11:52.467 [main] DEBUG org.apache.poi.openxml4j.opc.ZipPackage - Save part 'xl/sharedStrings.xml'
15:11:52.468 [main] DEBUG org.apache.poi.openxml4j.opc.ZipPackage - Save part 'xl/styles.xml'
15:11:52.469 [main] DEBUG org.apache.poi.openxml4j.opc.ZipPackage - Save part 'xl/workbook.xml'
15:11:52.476 [main] DEBUG org.apache.poi.openxml4j.opc.ZipPackage - Save part 'xl/worksheets/sheet1.xml'
15:11:52.490 [main] DEBUG org.apache.poi.openxml4j.opc.ZipPackage - Save content types part
15:11:52.494 [main] DEBUG org.apache.poi.openxml4j.opc.ZipPackage - Save package relationships
15:11:52.501 [main] DEBUG org.apache.poi.openxml4j.opc.ZipPackage - Save part 'docProps/app.xml'
15:11:52.502 [main] DEBUG org.apache.poi.openxml4j.opc.ZipPackage - Save part 'docProps/core.xml'
15:11:52.507 [main] DEBUG org.apache.poi.openxml4j.opc.ZipPackage - Save part 'xl/sharedStrings.xml'
15:11:52.508 [main] DEBUG org.apache.poi.openxml4j.opc.ZipPackage - Save part 'xl/styles.xml'
15:11:52.509 [main] DEBUG org.apache.poi.openxml4j.opc.ZipPackage - Save part 'xl/workbook.xml'
15:11:52.514 [main] DEBUG org.apache.poi.openxml4j.opc.ZipPackage - Save part 'xl/worksheets/sheet1.xml'
Excel file created successfully at: C:\Users\2304035\Downloads\MakeMyTrip.xlsx
15:11:52.540 [main] INFO  BaseClass - get the list of number of adults and print it....
  &amp#27;[32mThen &amp#27;[0m&amp#27;[32mget the list of number of adults and print it&amp#27;[0m &amp#27;[90m# StepDefination.BaseClass.get_the_list_of_number_of_adults_and_print_it()&amp#27;[0m
]]></system-out>
  </testcase>
</testsuite>